06/11/2023 11:20:27:906 PM CEST: Checking license acceptance...
06/11/2023 11:20:27:906 PM CEST: License terms accepted.
License, legal-notices/license.txt, has been accepted.
License Hash: O48qbZeQ6tEMLcp9HuehSI+Yzqg=.
06/11/2023 11:20:27:907 PM CEST: Comprobando directorio de configuración /home/jacobo/OpenAM/openam-custom-server/config.
06/11/2023 11:20:27:908 PM CEST: ...Realizado satisfactoriamente.
06/11/2023 11:20:27:908 PM CEST: Instalando almacén de configuración OpenAM
06/11/2023 11:20:27:909 PM CEST: ...Realizado correctamente RSA/ECB/OAEPWithSHA1AndMGF1Padding.
06/11/2023 11:20:27:909 PM CEST: Extracting OpenDJ, please wait...
06/11/2023 11:20:28:365 PM CEST: Complete
06/11/2023 11:20:28:365 PM CEST: Running OpenDJ setup
06/11/2023 11:20:28:365 PM CEST: Setup command: --cli --adminConnectorPort 4444 --baseDN dc=openam,dc=openidentityplatform,dc=org --rootUserDN cn=Directory Manager --ldapPort 50389 --skipPortCheck --rootUserPassword xxxxxxx --jmxPort 1689 --no-prompt --doNotStart --hostname openam.example.com --noPropertiesFile --backendType je 

Configuring Directory Server ..... Done.

To see basic server configuration status and configuration, you can launch
/home/jacobo/OpenAM/openam-custom-server/config/opends/bin/status

06/11/2023 11:20:30:522 PM CEST: ...Realizado satisfactoriamente.
06/11/2023 11:20:30:522 PM CEST: ...Success
06/11/2023 11:20:30:523 PM CEST: Instalando almacén de configuración OpenAM en /home/jacobo/OpenAM/openam-custom-server/config/opends 
06/11/2023 11:20:33:573 PM CEST: ...Realizado satisfactoriamente.
06/11/2023 11:20:33:573 PM CEST: Creando sufijo de OpenAM
Import task 20230611232033924 scheduled to start immediately
[11/Jun/2023:23:20:33 +0200] severity="NOTICE" msgCount=0 msgID=org.opends.messages.backend-413 message="Import task 20230611232033924 started execution"
[11/Jun/2023:23:20:33 +0200] severity="NOTICE" msgCount=1 msgID=org.opends.messages.backend-370 message="The backend userRoot is now taken offline"
[11/Jun/2023:23:20:33 +0200] severity="NOTICE" msgCount=2 msgID=org.opends.messages.runtime-21 message="Installation Directory:  /home/jacobo/OpenAM/openam-custom-server/config/opends"
[11/Jun/2023:23:20:33 +0200] severity="NOTICE" msgCount=3 msgID=org.opends.messages.runtime-23 message="Instance Directory:      /home/jacobo/OpenAM/openam-custom-server/config/opends"
[11/Jun/2023:23:20:33 +0200] severity="NOTICE" msgCount=4 msgID=org.opends.messages.runtime-17 message="JVM Information: 11.0.19+7-post-Ubuntu-0ubuntu122.04.1 by Ubuntu, 64-bit architecture, 6442450944 bytes heap size"
[11/Jun/2023:23:20:33 +0200] severity="NOTICE" msgCount=5 msgID=org.opends.messages.runtime-18 message="JVM Host: jacobo-Virtual-Machine, running Linux 5.15.0-1039-azure amd64, 11288645632 bytes physical memory size, number of processors available 6"
[11/Jun/2023:23:20:33 +0200] severity="NOTICE" msgCount=6 msgID=org.opends.messages.runtime-19 message="JVM Arguments: "-Xmx1g", "--add-opens=java.base/java.lang=ALL-UNNAMED", "--add-opens=java.base/java.lang.module=ALL-UNNAMED", "--add-opens=java.base/java.lang.reflect=ALL-UNNAMED", "--add-opens=java.base/java.util=ALL-UNNAMED", "--add-opens=java.base/java.net=ALL-UNNAMED", "--add-opens=java.base/java.io=ALL-UNNAMED", "--add-opens=java.base/java.util.regex=ALL-UNNAMED", "--add-opens=java.base/java.security=ALL-UNNAMED", "--add-opens=java.naming/javax.naming.spi=ALL-UNNAMED", "--add-opens=java.base/javax.security.auth.login=ALL-UNNAMED", "--add-opens=java.base/java.nio.charset=ALL-UNNAMED", "--add-opens=java.base/java.security.cert=ALL-UNNAMED", "--add-opens=java.base/jdk.internal.loader=ALL-UNNAMED", "--add-opens=java.base/jdk.internal.ref=ALL-UNNAMED", "--add-opens=java.base/jdk.internal.reflect=ALL-UNNAMED", "--add-opens=java.base/jdk.internal.math=ALL-UNNAMED", "--add-opens=java.base/jdk.internal.module=ALL-UNNAMED", "--add-opens=java.base/jdk.internal.util.jar=ALL-UNNAMED", "--add-opens=jdk.management/com.sun.management.internal=ALL-UNNAMED", "--add-opens=java.base/sun.nio.ch=ALL-UNNAMED", "--add-opens=java.base/java.util.concurrent=ALL-UNNAMED", "--add-opens=java.base/java.util.concurrent.atomic=ALL-UNNAMED", "--add-opens=java.base/java.nio=ALL-UNNAMED", "--add-opens=java.logging/java.util.logging=ALL-UNNAMED", "--add-exports=java.base/jdk.internal.ref=ALL-UNNAMED", "--add-exports=java.base/jdk.internal.misc=ALL-UNNAMED", "--add-exports=java.base/sun.nio.ch=ALL-UNNAMED", "--add-exports=java.base/sun.security.util=ALL-UNNAMED", "--add-exports=java.base/sun.security.jca=ALL-UNNAMED", "--add-exports=java.base/sun.security.x509=ALL-UNNAMED", "--add-exports=java.base/jdk.internal.util.random=ALL-UNNAMED", "--add-exports=java.base/sun.security.tools.keytool=ALL-UNNAMED", "--add-exports=java.management.rmi/com.sun.jmx.remote.internal.rmi=ALL-UNNAMED", "--add-exports=java.rmi/sun.rmi.registry=ALL-UNNAMED", "--add-exports=java.rmi/sun.rmi.server=ALL-UNNAMED", "--add-exports=java.sql/java.sql=ALL-UNNAMED", "-Xms6g", "-Xmx6g", "-Dcom.iplanet.services.configpath=/home/jacobo/OpenAM/openam-custom-server/config", "-Dcom.sun.identity.configuration.directory=/home/jacobo/OpenAM/openam-custom-server/config", "-Dcatalina.home=/home/jacobo/OpenAM/openam-custom-server/target/cargo/installs/tomcat-8.5.50/apache-tomcat-8.5.50", "-Dcatalina.base=/home/jacobo/OpenAM/openam-custom-server/target/cargo/configurations/tomcat9x", "-Djava.io.tmpdir=/home/jacobo/OpenAM/openam-custom-server/target/cargo/configurations/tomcat9x/temp", "-Djava.util.logging.manager=org.apache.juli.ClassLoaderLogManager", "-Djava.util.logging.config.file=/home/jacobo/OpenAM/openam-custom-server/target/cargo/configurations/tomcat9x/conf/logging.properties""
[11/Jun/2023:23:20:33 +0200] severity="INFORMATION" msgCount=7 msgID=org.opends.messages.backend-410 message="JE backend 'userRoot' does not specify the number of cleaner threads: defaulting to 8 threads"
[11/Jun/2023:23:20:33 +0200] severity="INFORMATION" msgCount=8 msgID=org.opends.messages.backend-411 message="JE backend 'userRoot' does not specify the number of lock tables: defaulting to 13"
[11/Jun/2023:23:20:33 +0200] severity="NOTICE" msgCount=9 msgID=org.opends.messages.backend-533 message="OpenDJ Server 4.5.5-SNAPSHOT starting import (build 20230419115905, R82da701b1c0ff437ec3f506ef906f9940895b01c)"
[11/Jun/2023:23:20:34 +0200] severity="NOTICE" msgCount=10 msgID=org.opends.messages.backend-528 message="The amount of free memory available to the import task is 5798205849 bytes. The number of phase one buffers required is 120 buffers"
[11/Jun/2023:23:20:34 +0200] severity="NOTICE" msgCount=11 msgID=org.opends.messages.backend-520 message="Setting DB cache size to 33554432 bytes and phase one buffer size to 4194304 bytes"
[11/Jun/2023:23:20:34 +0200] severity="NOTICE" msgCount=12 msgID=org.opends.messages.backend-534 message="Import Thread Count: 3 threads"
[11/Jun/2023:23:20:34 +0200] severity="NOTICE" msgCount=13 msgID=org.opends.messages.backend-531 message="Total import time was 0 seconds. Phase one processing completed in 0 seconds, phase two processing completed in 0 seconds"
[11/Jun/2023:23:20:34 +0200] severity="NOTICE" msgCount=14 msgID=org.opends.messages.backend-519 message="Processed 3 entries, imported 3, skipped 0, rejected 0 and migrated 0 in 0 seconds (average rate 4.6/sec)"
[11/Jun/2023:23:20:34 +0200] severity="NOTICE" msgCount=15 msgID=org.opends.messages.backend-526 message="Import LDIF environment close took 0 seconds"
[11/Jun/2023:23:20:34 +0200] severity="NOTICE" msgCount=16 msgID=org.opends.messages.backend-518 message="Flushing data to disk"
[11/Jun/2023:23:20:34 +0200] severity="INFORMATION" msgCount=17 msgID=org.opends.messages.backend-410 message="JE backend 'userRoot' does not specify the number of cleaner threads: defaulting to 8 threads"
[11/Jun/2023:23:20:34 +0200] severity="INFORMATION" msgCount=18 msgID=org.opends.messages.backend-411 message="JE backend 'userRoot' does not specify the number of lock tables: defaulting to 13"
[11/Jun/2023:23:20:34 +0200] severity="NOTICE" msgCount=19 msgID=org.opends.messages.backend-513 message="The database backend userRoot containing 3 entries has started"
[11/Jun/2023:23:20:34 +0200] severity="INFORMATION" msgCount=20 msgID=org.opends.messages.access_control-50 message="Added 1 Access Control Instruction (ACI) attribute types found in context "dc=openam,dc=openidentityplatform,dc=org" to the access control evaluation engine"
[11/Jun/2023:23:20:34 +0200] severity="NOTICE" msgCount=21 msgID=org.opends.messages.backend-414 message="Import task 20230611232033924 finished execution in the state Completed successfully"
Import task 20230611232033924 has been successfully completed
06/11/2023 11:20:35:964 PM CEST: ...Success
06/11/2023 11:20:36:112 PM CEST: Archivos de esquema de intercambio de etiquetas.
06/11/2023 11:20:36:135 PM CEST: ...Realizado satisfactoriamente.
06/11/2023 11:20:36:135 PM CEST: Cargando esquema opendj_config_schema.ldif
06/11/2023 11:20:36:184 PM CEST: ...Realizado satisfactoriamente.
06/11/2023 11:20:36:184 PM CEST: Cargando esquema opendj_user_schema.ldif
06/11/2023 11:20:36:220 PM CEST: ...Realizado satisfactoriamente.
06/11/2023 11:20:36:220 PM CEST: Cargando esquema opendj_embinit.ldif
06/11/2023 11:20:36:236 PM CEST: ...Realizado satisfactoriamente.
06/11/2023 11:20:36:236 PM CEST: Cargando esquema opendj_user_index.ldif
06/11/2023 11:20:36:277 PM CEST: ...Realizado satisfactoriamente.
06/11/2023 11:20:36:277 PM CEST: Cargando esquema cts-container.ldif
06/11/2023 11:20:36:300 PM CEST: ...Realizado satisfactoriamente.
06/11/2023 11:20:36:300 PM CEST: Cargando esquema cts-add-schema.ldif
06/11/2023 11:20:36:328 PM CEST: ...Realizado satisfactoriamente.
06/11/2023 11:20:36:328 PM CEST: Cargando esquema cts-add-multivalue.ldif
06/11/2023 11:20:36:368 PM CEST: ...Realizado satisfactoriamente.
06/11/2023 11:20:36:368 PM CEST: Cargando esquema cts-indices.ldif
06/11/2023 11:20:36:579 PM CEST: ...Realizado satisfactoriamente.
06/11/2023 11:20:36:579 PM CEST: Cargando esquema cts-add-multivalue-indices.ldif
06/11/2023 11:20:36:611 PM CEST: ...Realizado satisfactoriamente.
06/11/2023 11:20:36:611 PM CEST: Cargando esquema opendj_dashboard.ldif
06/11/2023 11:20:36:640 PM CEST: ...Realizado satisfactoriamente.
06/11/2023 11:20:36:640 PM CEST: Cargando esquema opendj_deviceprint.ldif
06/11/2023 11:20:36:675 PM CEST: ...Realizado satisfactoriamente.
06/11/2023 11:20:36:675 PM CEST: Cargando esquema opendj_kba.ldif
06/11/2023 11:20:36:707 PM CEST: ...Realizado satisfactoriamente.
06/11/2023 11:20:36:707 PM CEST: Cargando esquema opendj_uma_audit.ldif
06/11/2023 11:20:36:716 PM CEST: ...Realizado satisfactoriamente.
06/11/2023 11:20:36:716 PM CEST: Cargando esquema opendj_uma_resource_sets.ldif
06/11/2023 11:20:36:724 PM CEST: ...Realizado satisfactoriamente.
06/11/2023 11:20:36:724 PM CEST: Cargando esquema opendj_uma_labels_schema.ldif
06/11/2023 11:20:36:753 PM CEST: ...Realizado satisfactoriamente.
06/11/2023 11:20:36:753 PM CEST: Cargando esquema opendj_uma_resource_set_labels.ldif
06/11/2023 11:20:36:766 PM CEST: ...Realizado satisfactoriamente.
06/11/2023 11:20:36:766 PM CEST: Cargando esquema opendj_uma_pending_requests.ldif
06/11/2023 11:20:36:777 PM CEST: ...Realizado satisfactoriamente.
06/11/2023 11:20:36:777 PM CEST: Cargando esquema opendj_oathdevices.ldif
06/11/2023 11:20:36:812 PM CEST: ...Realizado satisfactoriamente.
06/11/2023 11:20:36:812 PM CEST: Cargando esquema opendj_pushdevices.ldif
06/11/2023 11:20:36:843 PM CEST: ...Realizado satisfactoriamente.
06/11/2023 11:20:44:032 PM CEST: ...Realizado satisfactoriamente.
06/11/2023 11:20:44:035 PM CEST: Reinicializando propiedades del sistema.
06/11/2023 11:20:44:272 PM CEST: ...Realizado.
06/11/2023 11:20:44:277 PM CEST: Registrando servicio dashboardService.xml
06/11/2023 11:20:44:389 PM CEST: ...Realizado satisfactoriamente.
06/11/2023 11:20:44:389 PM CEST: Registrando servicio amEntrySpecific.xml
06/11/2023 11:20:44:406 PM CEST: ...Realizado satisfactoriamente.
06/11/2023 11:20:44:406 PM CEST: Registrando servicio amAuthConfig.xml
06/11/2023 11:20:44:471 PM CEST: ...Realizado satisfactoriamente.
06/11/2023 11:20:44:471 PM CEST: Registrando servicio amAuthHTTPBasic.xml
06/11/2023 11:20:44:487 PM CEST: ...Realizado satisfactoriamente.
06/11/2023 11:20:44:487 PM CEST: Registrando servicio amAdminConsole.xml
06/11/2023 11:20:44:515 PM CEST: ...Realizado satisfactoriamente.
06/11/2023 11:20:44:516 PM CEST: Registrando servicio idRepoService.xml
06/11/2023 11:20:44:756 PM CEST: ...Realizado satisfactoriamente.
06/11/2023 11:20:44:756 PM CEST: Registrando servicio amAuth.xml
06/11/2023 11:20:44:841 PM CEST: ...Realizado satisfactoriamente.
06/11/2023 11:20:44:841 PM CEST: Registrando servicio amAuthAD.xml
06/11/2023 11:20:44:864 PM CEST: ...Realizado satisfactoriamente.
06/11/2023 11:20:44:864 PM CEST: Registrando servicio amAuthAdaptive.xml
06/11/2023 11:20:44:892 PM CEST: ...Realizado satisfactoriamente.
06/11/2023 11:20:44:892 PM CEST: Registrando servicio amAuthAnonymous.xml
06/11/2023 11:20:44:908 PM CEST: ...Realizado satisfactoriamente.
06/11/2023 11:20:44:908 PM CEST: Registrando servicio amAuthCert.xml
06/11/2023 11:20:44:927 PM CEST: ...Realizado satisfactoriamente.
06/11/2023 11:20:44:927 PM CEST: Registrando servicio amAuthDataStore.xml
06/11/2023 11:20:44:987 PM CEST: ...Realizado satisfactoriamente.
06/11/2023 11:20:44:987 PM CEST: Registrando servicio amAuthPersistentCookie.xml
06/11/2023 11:20:45:009 PM CEST: ...Realizado satisfactoriamente.
06/11/2023 11:20:45:009 PM CEST: Registrando servicio amAuthJDBC.xml
06/11/2023 11:20:45:030 PM CEST: ...Realizado satisfactoriamente.
06/11/2023 11:20:45:030 PM CEST: Registrando servicio amAuthLDAP.xml
06/11/2023 11:20:45:125 PM CEST: ...Realizado satisfactoriamente.
06/11/2023 11:20:45:125 PM CEST: Registrando servicio amAuthMSISDN.xml
06/11/2023 11:20:45:148 PM CEST: ...Realizado satisfactoriamente.
06/11/2023 11:20:45:148 PM CEST: Registrando servicio amAuthMembership.xml
06/11/2023 11:20:45:161 PM CEST: ...Realizado satisfactoriamente.
06/11/2023 11:20:45:161 PM CEST: Registrando servicio amAuthNT.xml
06/11/2023 11:20:45:174 PM CEST: ...Realizado satisfactoriamente.
06/11/2023 11:20:45:174 PM CEST: Registrando servicio amAuthOAuth.xml
06/11/2023 11:20:45:201 PM CEST: ...Realizado satisfactoriamente.
06/11/2023 11:20:45:201 PM CEST: Registrando servicio amAuthWindowsDesktopSSO.xml
06/11/2023 11:20:45:216 PM CEST: ...Realizado satisfactoriamente.
06/11/2023 11:20:45:216 PM CEST: Registrando servicio amAuthOpenIdConnect.xml
06/11/2023 11:20:45:232 PM CEST: ...Realizado satisfactoriamente.
06/11/2023 11:20:45:232 PM CEST: Registrando servicio amClientData.xml
06/11/2023 11:20:45:253 PM CEST: ...Realizado satisfactoriamente.
06/11/2023 11:20:45:253 PM CEST: Registrando servicio amClientDetection.xml
06/11/2023 11:20:45:264 PM CEST: ...Realizado satisfactoriamente.
06/11/2023 11:20:45:264 PM CEST: Registrando servicio amDelegation.xml
06/11/2023 11:20:45:588 PM CEST: ...Realizado satisfactoriamente.
06/11/2023 11:20:45:588 PM CEST: Registrando servicio amFilteredRole.xml
06/11/2023 11:20:45:600 PM CEST: ...Realizado satisfactoriamente.
06/11/2023 11:20:45:600 PM CEST: Registrando servicio amG11NSettings.xml
06/11/2023 11:20:45:613 PM CEST: ...Realizado satisfactoriamente.
06/11/2023 11:20:45:613 PM CEST: Registrando servicio amLogging.xml
06/11/2023 11:20:45:634 PM CEST: ...Realizado satisfactoriamente.
06/11/2023 11:20:45:634 PM CEST: Registrando servicio amNaming.xml
06/11/2023 11:20:45:648 PM CEST: ...Realizado satisfactoriamente.
06/11/2023 11:20:45:648 PM CEST: Registrando servicio amPlatform.xml
06/11/2023 11:20:45:695 PM CEST: ...Realizado satisfactoriamente.
06/11/2023 11:20:45:695 PM CEST: Registrando servicio amPolicy.xml
06/11/2023 11:20:46:012 PM CEST: ...Realizado satisfactoriamente.
06/11/2023 11:20:46:012 PM CEST: Registrando servicio amPolicyConfig.xml
06/11/2023 11:20:46:072 PM CEST: ...Realizado satisfactoriamente.
06/11/2023 11:20:46:072 PM CEST: Registrando servicio amRealmService.xml
06/11/2023 11:20:46:082 PM CEST: ...Realizado satisfactoriamente.
06/11/2023 11:20:46:082 PM CEST: Registrando servicio amSession.xml
06/11/2023 11:20:46:136 PM CEST: ...Realizado satisfactoriamente.
06/11/2023 11:20:46:136 PM CEST: Registrando servicio amWebAgent.xml
06/11/2023 11:20:46:147 PM CEST: ...Realizado satisfactoriamente.
06/11/2023 11:20:46:148 PM CEST: Registrando servicio crestPolicyService.xml
06/11/2023 11:20:46:158 PM CEST: ...Realizado satisfactoriamente.
06/11/2023 11:20:46:158 PM CEST: Registrando servicio amUser.xml
06/11/2023 11:20:46:173 PM CEST: ...Realizado satisfactoriamente.
06/11/2023 11:20:46:173 PM CEST: Registrando servicio identityLocaleService.xml
06/11/2023 11:20:46:211 PM CEST: ...Realizado satisfactoriamente.
06/11/2023 11:20:46:211 PM CEST: Registrando servicio amAgent70.xml
06/11/2023 11:20:46:224 PM CEST: ...Realizado satisfactoriamente.
06/11/2023 11:20:46:224 PM CEST: Registrando servicio amPasswordReset.xml
06/11/2023 11:20:46:238 PM CEST: ...Realizado satisfactoriamente.
06/11/2023 11:20:46:238 PM CEST: Registrando servicio amAuthRadius.xml
06/11/2023 11:20:46:251 PM CEST: ...Realizado satisfactoriamente.
06/11/2023 11:20:46:251 PM CEST: Registrando servicio amAuthHOTP.xml
06/11/2023 11:20:46:306 PM CEST: ...Realizado satisfactoriamente.
06/11/2023 11:20:46:306 PM CEST: Registrando servicio amMonitoring.xml
06/11/2023 11:20:46:315 PM CEST: ...Realizado satisfactoriamente.
06/11/2023 11:20:46:315 PM CEST: Registrando servicio AgentService.xml
06/11/2023 11:20:46:449 PM CEST: ...Realizado satisfactoriamente.
06/11/2023 11:20:46:449 PM CEST: Registrando servicio policyIndex.xml
06/11/2023 11:20:46:502 PM CEST: ...Realizado satisfactoriamente.
06/11/2023 11:20:46:502 PM CEST: Registrando servicio entitlement.xml
06/11/2023 11:20:46:633 PM CEST: ...Realizado satisfactoriamente.
06/11/2023 11:20:46:633 PM CEST: Registrando servicio openProvisioning.xml
06/11/2023 11:20:46:646 PM CEST: ...Realizado satisfactoriamente.
06/11/2023 11:20:46:646 PM CEST: Registrando servicio banking.xml
06/11/2023 11:20:46:656 PM CEST: ...Realizado satisfactoriamente.
06/11/2023 11:20:46:656 PM CEST: Registrando servicio CoreTokenConfig.xml
06/11/2023 11:20:46:668 PM CEST: ...Realizado satisfactoriamente.
06/11/2023 11:20:46:668 PM CEST: Registrando servicio CoreTokenStore.xml
06/11/2023 11:20:46:715 PM CEST: ...Realizado satisfactoriamente.
06/11/2023 11:20:46:715 PM CEST: Registrando servicio amAuthAuthenticatorOATH.xml
06/11/2023 11:20:46:758 PM CEST: ...Realizado satisfactoriamente.
06/11/2023 11:20:46:758 PM CEST: Registrando servicio AuthenticatorOATH.xml
06/11/2023 11:20:46:773 PM CEST: ...Realizado satisfactoriamente.
06/11/2023 11:20:46:773 PM CEST: Registrando servicio fmAuthFederation.xml
06/11/2023 11:20:46:821 PM CEST: ...Realizado satisfactoriamente.
06/11/2023 11:20:46:821 PM CEST: Registrando servicio fmAuthSAE.xml
06/11/2023 11:20:46:877 PM CEST: ...Realizado satisfactoriamente.
06/11/2023 11:20:46:877 PM CEST: Registrando servicio fmAuthnSvc.xml
06/11/2023 11:20:46:886 PM CEST: ...Realizado satisfactoriamente.
06/11/2023 11:20:46:886 PM CEST: Registrando servicio fmDisco.xml
06/11/2023 11:20:46:902 PM CEST: ...Realizado satisfactoriamente.
06/11/2023 11:20:46:902 PM CEST: Registrando servicio fmIDFF.xml
06/11/2023 11:20:46:917 PM CEST: ...Realizado satisfactoriamente.
06/11/2023 11:20:46:917 PM CEST: Registrando servicio fmLibertyPersonalProfile.xml
06/11/2023 11:20:46:933 PM CEST: ...Realizado satisfactoriamente.
06/11/2023 11:20:46:933 PM CEST: Registrando servicio fmCOTConfig.xml
06/11/2023 11:20:46:942 PM CEST: ...Realizado satisfactoriamente.
06/11/2023 11:20:46:942 PM CEST: Registrando servicio fmSAML2.xml
06/11/2023 11:20:46:953 PM CEST: ...Realizado satisfactoriamente.
06/11/2023 11:20:46:953 PM CEST: Registrando servicio fmSAML.xml
06/11/2023 11:20:46:964 PM CEST: ...Realizado satisfactoriamente.
06/11/2023 11:20:46:964 PM CEST: Registrando servicio fmSOAPBinding.xml
06/11/2023 11:20:46:974 PM CEST: ...Realizado satisfactoriamente.
06/11/2023 11:20:46:974 PM CEST: Registrando servicio fmSAML2SOAPBinding.xml
06/11/2023 11:20:46:983 PM CEST: ...Realizado satisfactoriamente.
06/11/2023 11:20:46:983 PM CEST: Registrando servicio fmWSFederation.xml
06/11/2023 11:20:46:991 PM CEST: ...Realizado satisfactoriamente.
06/11/2023 11:20:46:991 PM CEST: Registrando servicio fmMultiProtocol.xml
06/11/2023 11:20:47:006 PM CEST: ...Realizado satisfactoriamente.
06/11/2023 11:20:47:006 PM CEST: Registrando servicio famSTS.xml
06/11/2023 11:20:47:021 PM CEST: ...Realizado satisfactoriamente.
06/11/2023 11:20:47:021 PM CEST: Registrando servicio famFederationCommon.xml
06/11/2023 11:20:47:037 PM CEST: ...Realizado satisfactoriamente.
06/11/2023 11:20:47:037 PM CEST: Registrando servicio famIDFFConfig.xml
06/11/2023 11:20:47:048 PM CEST: ...Realizado satisfactoriamente.
06/11/2023 11:20:47:049 PM CEST: Registrando servicio famSAML2Config.xml
06/11/2023 11:20:47:061 PM CEST: ...Realizado satisfactoriamente.
06/11/2023 11:20:47:061 PM CEST: Registrando servicio famWSSAuthService.xml
06/11/2023 11:20:47:111 PM CEST: ...Realizado satisfactoriamente.
06/11/2023 11:20:47:111 PM CEST: Registrando servicio OAuth2Provider.xml
06/11/2023 11:20:47:134 PM CEST: ...Realizado satisfactoriamente.
06/11/2023 11:20:47:134 PM CEST: Registrando servicio UmaProvider.xml
06/11/2023 11:20:47:145 PM CEST: ...Realizado satisfactoriamente.
06/11/2023 11:20:47:145 PM CEST: Registrando servicio MailServer.xml
06/11/2023 11:20:47:155 PM CEST: ...Realizado satisfactoriamente.
06/11/2023 11:20:47:155 PM CEST: Registrando servicio RestSecurity.xml
06/11/2023 11:20:47:166 PM CEST: ...Realizado satisfactoriamente.
06/11/2023 11:20:47:166 PM CEST: Registrando servicio amAuthScripted.xml
06/11/2023 11:20:47:176 PM CEST: ...Realizado satisfactoriamente.
06/11/2023 11:20:47:177 PM CEST: Registrando servicio amAuthDeviceIdMatch.xml
06/11/2023 11:20:47:186 PM CEST: ...Realizado satisfactoriamente.
06/11/2023 11:20:47:186 PM CEST: Registrando servicio amAuthDeviceIdSave.xml
06/11/2023 11:20:47:196 PM CEST: ...Realizado satisfactoriamente.
06/11/2023 11:20:47:196 PM CEST: Registrando servicio restSTS.xml
06/11/2023 11:20:47:212 PM CEST: ...Realizado satisfactoriamente.
06/11/2023 11:20:47:212 PM CEST: Registrando servicio soapSTS.xml
06/11/2023 11:20:47:229 PM CEST: ...Realizado satisfactoriamente.
06/11/2023 11:20:47:230 PM CEST: Registrando servicio validationService.xml
06/11/2023 11:20:47:238 PM CEST: ...Realizado satisfactoriamente.
06/11/2023 11:20:47:238 PM CEST: Registrando servicio RestApis.xml
06/11/2023 11:20:47:246 PM CEST: ...Realizado satisfactoriamente.
06/11/2023 11:20:47:246 PM CEST: Registrando servicio socialAuthN.xml
06/11/2023 11:20:47:255 PM CEST: ...Realizado satisfactoriamente.
06/11/2023 11:20:47:255 PM CEST: Registrando servicio amBaseURL.xml
06/11/2023 11:20:47:264 PM CEST: ...Realizado satisfactoriamente.
06/11/2023 11:20:47:264 PM CEST: Registrando servicio scripting.xml
06/11/2023 11:20:47:355 PM CEST: ...Realizado satisfactoriamente.
06/11/2023 11:20:47:355 PM CEST: Registrando servicio amAuthOATH.xml
06/11/2023 11:20:47:415 PM CEST: ...Realizado satisfactoriamente.
06/11/2023 11:20:47:415 PM CEST: Registrando servicio amAuthSAML2.xml
06/11/2023 11:20:47:427 PM CEST: ...Realizado satisfactoriamente.
06/11/2023 11:20:47:427 PM CEST: Registrando servicio audit.xml
06/11/2023 11:20:47:503 PM CEST: ...Realizado satisfactoriamente.
06/11/2023 11:20:47:503 PM CEST: Registrando servicio RadiusServerService.xml
06/11/2023 11:20:47:518 PM CEST: ...Realizado satisfactoriamente.
06/11/2023 11:20:47:518 PM CEST: Registrando servicio amSessionPropertyWhitelist.xml
06/11/2023 11:20:47:531 PM CEST: ...Realizado satisfactoriamente.
06/11/2023 11:20:47:531 PM CEST: Registrando servicio selfService.xml
06/11/2023 11:20:47:558 PM CEST: ...Realizado satisfactoriamente.
06/11/2023 11:20:47:558 PM CEST: Registrando servicio amPushNotification.xml
06/11/2023 11:20:47:575 PM CEST: ...Realizado satisfactoriamente.
06/11/2023 11:20:47:575 PM CEST: Registrando servicio amAuthAuthenticatorPush.xml
06/11/2023 11:20:47:586 PM CEST: ...Realizado satisfactoriamente.
06/11/2023 11:20:47:587 PM CEST: Registrando servicio AuthenticatorPush.xml
06/11/2023 11:20:47:597 PM CEST: ...Realizado satisfactoriamente.
06/11/2023 11:20:47:597 PM CEST: Registrando servicio amAuthAuthenticatorPushRegistration.xml
06/11/2023 11:20:47:609 PM CEST: ...Realizado satisfactoriamente.
06/11/2023 11:20:47:609 PM CEST: Registrando servicio amAuthAmster.xml
06/11/2023 11:20:47:651 PM CEST: ...Realizado satisfactoriamente.
06/11/2023 11:20:47:651 PM CEST: Registrando servicio amAuthReCaptcha.xml
06/11/2023 11:20:47:660 PM CEST: ...Realizado satisfactoriamente.
06/11/2023 11:20:47:660 PM CEST: Registrando servicio amAuthSecurID.xml
06/11/2023 11:20:47:673 PM CEST: ...Realizado satisfactoriamente.
06/11/2023 11:20:47:674 PM CEST: Registrando servicio amAuthWebAuthnRegistration.xml
06/11/2023 11:20:47:690 PM CEST: ...Realizado satisfactoriamente.
06/11/2023 11:20:47:690 PM CEST: Registrando servicio amAuthWebAuthnAuthentication.xml
06/11/2023 11:20:47:698 PM CEST: ...Realizado satisfactoriamente.
06/11/2023 11:20:47:698 PM CEST: Registrando servicio amAuthQR.xml
06/11/2023 11:20:47:708 PM CEST: ...Realizado satisfactoriamente.
06/11/2023 11:20:47:708 PM CEST: Registrando servicio amAuthNtlm.xml
06/11/2023 11:20:47:717 PM CEST: ...Realizado satisfactoriamente.
06/11/2023 11:20:47:750 PM CEST: Configurando sistema
06/11/2023 11:20:48:835 PM CEST: ...Realizado.
06/11/2023 11:20:48:835 PM CEST: Configurando la instancia de servidor.
06/11/2023 11:20:48:949 PM CEST: ...Realizado.
06/11/2023 11:20:50:107 PM CEST: Creando usuario de demostración.
06/11/2023 11:20:50:117 PM CEST: ...Realizado.
06/11/2023 11:20:50:117 PM CEST: Creando agentes de seguridad del servicio web.
06/11/2023 11:20:50:144 PM CEST: ...Realizado.
06/11/2023 11:20:50:144 PM CEST: Configurando archivo de autenticación de supervisión.


Dumping all configuration parameters...

Request Parameters:
acceptLicense = true
actionLink = createConfig
ADMIN_CONFIRM_PWD = #########
ADMIN_PWD = #########
AM_ENC_KEY = #########
AMLDAPUSERPASSWD = #########
AMLDAPUSERPASSWD_CONFIRM = #########
BASE_DIR = /home/jacobo/OpenAM/openam-custom-server/config
COOKIE_DOMAIN = example.com
DATA_STORE = embedded
DIRECTORY_ADMIN_PORT = 4444
DIRECTORY_JMX_PORT = 1689
DIRECTORY_PORT = 50389
DIRECTORY_SERVER = localhost
DIRECTORY_SSL = SIMPLE
DS_DIRMGRDN = cn=Directory Manager
DS_DIRMGRPASSWD = #########
ie7fix = 30
locale = es_ES
PLATFORM_LOCALE = en_US
ROOT_SUFFIX = dc=openam,dc=openidentityplatform,dc=org
SERVER_HOST = openam.example.com
SERVER_PORT = 7070
SERVER_URI = http://openam.example.com:7070/openam/config/wizard/wizard.htm
SERVER_URL = http://openam.example.com:7070

Main configuration items:
acceptLicense = true
actionLink = createConfig
ADMIN_PWD = #########
AM_COEXIST = false
AM_ENC_KEY = #########
AM_REALM = true
AMLDAPUSERPASSWD = #########
AMSDK_I18N_KEY = a101
AUTH_DEFAULT_CONFIG = ldapService
AUTHNSVC_CRAMMD5_MECHANISM_HANDLER = com.sun.identity.liberty.ws.authnsvc.mechanism.CramMD5MechanismHandler
AUTHNSVC_PLAIN_MECHANISM_HANDLER = com.sun.identity.liberty.ws.authnsvc.mechanism.PlainMechanismHandler
AUTHNSVC_SSOTOKEN_MECHANISM_HANDLER = com.sun.identity.liberty.ws.authnsvc.mechanism.SSOTokenMechanismHandler
BASE_DIR = /home/jacobo/OpenAM/openam-custom-server/config
CONFIGURATION_PROVIDER_CLASS = com.sun.identity.plugin.configuration.impl.ConfigurationInstanceImpl
CONSOLE_URI = /openam
COOKIE_DOMAIN = example.com
COOKIE_ENCODE = false
DATA_STORE = embedded
DATASTORE_NOTIFICATION = true
DATASTORE_PROVIDER_CLASS = com.sun.identity.plugin.datastore.impl.IdRepoDataStoreProvider
DB_NAME = userRoot
DEBUG_DIR = debug
DEBUG_SUBDIR = debug
DEFAULT_AUTH_MODULE = DataStore
DEFAULT_ORG = dc=openam,dc=openidentityplatform,dc=org
DIRECTORY_ADMIN_PORT = 4444
DIRECTORY_JMX_PORT = 1689
DIRECTORY_PORT = 50389
DIRECTORY_SERVER = localhost
DIRECTORY_SSL = SIMPLE
DISABLE_PERSISTENT_SEARCH = aci,um
DISCO_AUTHORIZER = com.sun.identity.liberty.ws.disco.plugins.DefaultDiscoAuthorizer
DISCO_ENTRY_HANDLER = com.sun.identity.liberty.ws.disco.plugins.UserDiscoEntryHandler
DISCO_GLOBAL_ENTRY_HANDLER = com.sun.identity.liberty.ws.disco.plugins.GlobalDiscoEntryHandler
DIT_LOADED = false
DS_DIRMGRDN = cn=Directory Manager
DS_DIRMGRPASSWD = #########
DS_OBJECT_CLASS = ldap.SMSLdapObject
DS_UM_SCHEMA = sms
EMBEDDED_DS_OBJECT_CLASS = ldap.SMSEmbeddedLdapObject
ENCADADMINPASSWD = #########
ENCADMINPASSWD = #########
ENCDSDIRMGRPASSWD = #########
ENCLDAPUSERPASSWD = #########
GlobalClientSideAuthModuleScriptId = c827d2b4-3608-4693-868e-bbcf86bd87c7
GlobalClientSideDeviceIdMatchScriptId = 157298c0-7d31-4059-a95b-eeb08473b7e5
GlobalEntitlementConditionScriptId = 9de3eb62-f131-4fac-a294-7bd170fd4acb
GlobalOidcClaimsScriptId = 36863ffb-40ec-48b9-94b1-9a99f71cc3b5
GlobalServerSideAuthModuleScriptId = 7e3d7067-d50f-4674-8c76-a3e13a810c33
GlobalServerSideDeviceIdMatchScriptId = 703dab1a-1921-4981-98dd-b8e5349d8548
HASHADMINPASSWD = #########
HASHLDAPUSERPASSWD = #########
IDPP_AUTHORIZER = com.sun.identity.liberty.ws.idpp.plugin.IDPPAuthorizer
ie7fix = 30
IS_INSTALL_VARDIR = baseDir
IS_PRODNAME = /openam
LDAP_CONNECTION_MODE = LDAP
locale = es_ES
LOG_DIR = log
LOG_PROVIDER_CLASS = com.sun.identity.plugin.log.impl.LogProvider
MONAGENT_PROVIDER_CLASS = com.sun.identity.plugin.monitoring.impl.AgentProvider
MONIDFF_PROVIDER_CLASS = com.sun.identity.plugin.monitoring.impl.FedMonIDFFSvcProvider
MONSAML1_PROVIDER_CLASS = com.sun.identity.plugin.monitoring.impl.FedMonSAML1SvcProvider
MONSAML2_PROVIDER_CLASS = com.sun.identity.plugin.monitoring.impl.FedMonSAML2SvcProvider
NORMALIZED_ORGBASE = dc=openam,dc=openidentityplatform,dc=org
NORMALIZED_RS = dc=openam,dc=openidentityplatform,dc=org
NoScriptDefined = [Empty]
OLDCON_DEPLOY_URI = /openam
OPENDS_TRANSFORMATION = RSA/ECB/OAEPWithSHA1AndMGF1Padding
ORG_BASE = dc=openam,dc=openidentityplatform,dc=org
ORG_NAMING_ATTR = o
ORG_OBJECT_CLASS = sunismanagedorganization
ORG_ROOT_SUFFIX = dc=openam,dc=openidentityplatform,dc=org
OUTPUT_DIR = basedir/uri
PAM_SERVICE_NAME = other
People_NM_ORG_ROOT_SUFFIX = People_dc=openam_dc=openidentityplatform_dc=org
PLATFORM_LOCALE = en_US
ROOT_SUFFIX = dc=openam,dc=openidentityplatform,dc=org
RS_RDN = openam
SERVER_HOST = openam.example.com
SERVER_PORT = 7070
SERVER_PROTO = http
SERVER_URI = /openam
SERVER_URL = http://openam.example.com:7070
SESSION_PROVIDER_CLASS = com.sun.identity.plugin.session.impl.FMSessionProvider
SESSION_ROOT_SUFFIX = o=openam-session
SESSION_STORE_TYPE = embedded
SM_CONFIG_BASEDN = dc=openam,dc=openidentityplatform,dc=org
SM_CONFIG_BASEDN_RDNV = openam
SM_CONFIG_ROOT_SUFFIX = dc=openam,dc=openidentityplatform,dc=org
SM_ROOT_SUFFIX_HAT = dc=openam^dc=openidentityplatform^dc=org
SM_ROOT_SUFFIX_HAT_SLASH = dc\=openam^dc\=openidentityplatform^dc\=org
SMS_OBJECT_CLASS = flatfile.SMSEnhancedFlatFileObject
SSHA512LDAPUSERPWD = #########
UM_DIRECTORY_PORT = 50389
UM_DIRECTORY_SERVER = localhost
UM_DS_DIRMGRDN = cn=Directory Manager
UM_DS_DIRMGRPASSWD = #########
UM_ENABLED = true
UM_NORMALIZED_ORGBASE = dc=openam,dc=openidentityplatform,dc=org
UM_SSL = false
USER_HOME = /home/jacobo
USER_NAMING_ATTR = uid
USER_OBJECT_CLASS = inetorgperson
USER_PROFILE_CHOICE = false
VERSION = OpenAM 14.7.3-SNAPSHOT (2023-June-07 17:46)
WEB_SERVICE_AUTHENTICATOR = com.sun.identity.liberty.ws.soapbinding.WebServiceAuthenticatorImpl
XML_ENCODING = ISO-8859-1

Finished dumping all configuration parameters
